C51 COMPILER V9.60.7.0   DELAY                                                             08/08/2025 16:55:26 PAGE 1   


C51 COMPILER V9.60.7.0, COMPILATION OF MODULE DELAY
OBJECT MODULE PLACED IN .\Objects\DELAY.obj
COMPILER INVOKED BY: C:\Keil_v5\C51\BIN\C51.EXE DELAY.c OPTIMIZE(8,SPEED) BROWSE DEBUG OBJECTEXTEND PRINT(.\Listings\DEL
                    -AY.lst) TABS(2) OBJECT(.\Objects\DELAY.obj)

line level    source

   1          void Delay(unsigned int ms)   //@11.0592MHz
   2          {
   3   1        while(ms--)
   4   1        { unsigned char i, j;
   5   2      
   6   2        
   7   2        i = 11;
   8   2        j = 190;
   9   2        do
  10   2        {
  11   3          while (--j);
  12   3        } while (--i);
  13   2        }
  14   1      
  15   1      }


MODULE INFORMATION:   STATIC OVERLAYABLE
   CODE SIZE        =     25    ----
   CONSTANT SIZE    =   ----    ----
   XDATA SIZE       =   ----    ----
   PDATA SIZE       =   ----    ----
   DATA SIZE        =   ----       2
   IDATA SIZE       =   ----    ----
   BIT SIZE         =   ----    ----
END OF MODULE INFORMATION.


C51 COMPILATION COMPLETE.  0 WARNING(S),  0 ERROR(S)
