C51 COMPILER V9.60.7.0   MAIN                                                              08/13/2025 13:38:01 PAGE 1   


C51 COMPILER V9.60.7.0, COMPILATION OF MODULE MAIN
OBJECT MODULE PLACED IN .\Objects\main.obj
COMPILER INVOKED BY: C:\Keil_v5\C51\BIN\C51.EXE main.c OPTIMIZE(8,SPEED) BROWSE DEBUG OBJECTEXTEND PRINT(.\Listings\main
                    -.lst) TABS(2) OBJECT(.\Objects\main.obj)

line level    source

   1          
   2          #include <lcd1602.h>
   3          #include <at89c51RC2.h>
   4          #include "MatrixK.h"
   5          
   6          unsigned int Key=0;
   7          void main()
   8          {
   9   1         LCD_Init();
  10   1        LCD_ShowString(1,1,"Hello,World");
  11   1        while(1)
  12   1        {
  13   2        Key= MatrixK();
  14   2        
  15   2        if(Key)
  16   2        {
  17   3        LCD_ShowNum(2, 1,Key,2);
  18   3        
  19   3        
  20   3        
  21   3        }
  22   2        }
  23   1        
  24   1        
  25   1        
  26   1        
  27   1      }


MODULE INFORMATION:   STATIC OVERLAYABLE
   CODE SIZE        =     48    ----
   CONSTANT SIZE    =     12    ----
   XDATA SIZE       =   ----    ----
   PDATA SIZE       =   ----    ----
   DATA SIZE        =      2    ----
   IDATA SIZE       =   ----    ----
   BIT SIZE         =   ----    ----
END OF MODULE INFORMATION.


C51 COMPILATION COMPLETE.  0 WARNING(S),  0 ERROR(S)
